using input from /home/wahyu6070/Videos/asw.zip 
permissions sudo
username = wahyu6070
unpack system.new.dat.br to system.new.dat...
using input from /home/wahyu6070/Videos/asw.zip 
permissions sudo
username = wahyu6070
unpack system.new.dat.br to system.new.dat...
using input from /home/wahyu6070/Videos/asw.zip 
permissions sudo
username = wahyu6070
unpack system.new.dat.br to system.new.dat...
unpack vendor.new.dat.br to vendor.new.dat...
unpack system.new.dat to vendor.img...
unpack system.img to system...
unpack vendor.img to vendor...
set permissions by wahyu6070...
Unpack done
command not found
command not found
command not found
command not found
command not found
cleaning tmp 
cleaning editor 
cleaning output 
Cleanup done...
command not found
command not found
command not found
command not found
command not found
command not found
command not found
using input from /home/wahyu6070/Videos/asw.zip 
permissions sudo
username = wahyu6070
unpack system.new.dat.br to system.new.dat...
unpack vendor.new.dat.br to vendor.new.dat...
unpack system.new.dat to vendor.img...
unpack system.img to system...
unpack vendor.img to vendor...
set permissions by wahyu6070...
Unpack done
exit
cleaning tmp 
cleaning editor 
cleaning output 
Cleanup done...
using input from /home/wahyu6070/Videos/asw.zip 
permissions sudo
username = wahyu6070
unpack system.new.dat.br to system.new.dat...
unpack vendor.new.dat.br to vendor.new.dat...
unpack system.new.dat to vendor.img...
unpack system.img to system...
unpack vendor.img to vendor...
set permissions by wahyu6070...
Unpack done
Brotli level = 1 
exit
cleaning tmp 
cleaning editor 
cleaning output 
Cleanup done...
exit
